  [1m[35m (466.7ms)[0m  [1m[35mCREATE DATABASE "KiwiMusic_development" ENCODING = 'unicode'[0m
  ↳ bin/rails:9
  [1m[35m (309.2ms)[0m  [1m[35mCREATE DATABASE "KiwiMusic_test" ENCODING = 'unicode'[0m
  ↳ bin/rails:9
  [1m[35m (24.8ms)[0m  [1m[35mCREATE TABLE "schema_migrations" ("version" character varying NOT NULL PRIMARY KEY)[0m
  ↳ bin/rails:9
  [1m[35m (4.5ms)[0m  [1m[35mCREATE TABLE "ar_internal_metadata" ("key" character varying NOT NULL PRIMARY KEY, "value" character varying, "created_at" timestamp NOT NULL, "updated_at" timestamp NOT NULL)[0m
  ↳ bin/rails:9
  [1m[35m (0.5ms)[0m  [1m[34mSELECT pg_try_advisory_lock(5249992961575356120)[0m
  ↳ bin/rails:9
  [1m[35m (1.4ms)[0m  [1m[34mSELECT "schema_migrations"."version" FROM "schema_migrations" ORDER BY "schema_migrations"."version" ASC[0m
  ↳ bin/rails:9
Migrating to CreateUsers (20181115181244)
  [1m[35m (0.3ms)[0m  [1m[35mBEGIN[0m
  ↳ bin/rails:9
  [1m[35m (7.3ms)[0m  [1m[35mCREATE TABLE "users" ("id" bigserial primary key, "email" character varying NOT NULL, "password_digest" character varying NOT NULL, "session_token" character varying NOT NULL)[0m
  ↳ db/migrate/20181115181244_create_users.rb:3
  [1m[35m (1.0ms)[0m  [1m[35mCREATE UNIQUE INDEX  "index_users_on_email" ON "users"  ("email")[0m
  ↳ db/migrate/20181115181244_create_users.rb:10
  [1m[35m (1.3ms)[0m  [1m[35mCREATE UNIQUE INDEX  "index_users_on_session_token" ON "users"  ("session_token")[0m
  ↳ db/migrate/20181115181244_create_users.rb:11
  [1m[36mActiveRecord::SchemaMigration Create (0.6ms)[0m  [1m[32mINSERT INTO "schema_migrations" ("version") VALUES ($1) RETURNING "version"[0m  [["version", "20181115181244"]]
  ↳ bin/rails:9
  [1m[35m (0.5ms)[0m  [1m[35mCOMMIT[0m
  ↳ bin/rails:9
  [1m[36mActiveRecord::InternalMetadata Load (0.4ms)[0m  [1m[34mSELECT  "ar_internal_metadata".* FROM "ar_internal_metadata" WHERE "ar_internal_metadata"."key" = $1 LIMIT $2[0m  [["key", "environment"], ["LIMIT", 1]]
  ↳ bin/rails:9
  [1m[35m (0.2ms)[0m  [1m[35mBEGIN[0m
  ↳ bin/rails:9
  [1m[36mActiveRecord::InternalMetadata Create (0.7ms)[0m  [1m[32mINSERT INTO "ar_internal_metadata" ("key", "value", "created_at", "updated_at") VALUES ($1, $2, $3, $4) RETURNING "key"[0m  [["key", "environment"], ["value", "development"], ["created_at", "2018-11-15 18:16:17.666646"], ["updated_at", "2018-11-15 18:16:17.666646"]]
  ↳ bin/rails:9
  [1m[35m (0.4ms)[0m  [1m[35mCOMMIT[0m
  ↳ bin/rails:9
  [1m[35m (0.3ms)[0m  [1m[34mSELECT pg_advisory_unlock(5249992961575356120)[0m
  ↳ bin/rails:9
  [1m[35m (0.4ms)[0m  [1m[34mSELECT "schema_migrations"."version" FROM "schema_migrations" ORDER BY "schema_migrations"."version" ASC[0m
  ↳ bin/rails:9
Started GET "/" for 127.0.0.1 at 2018-11-15 11:14:25 -0800
  [1m[35m (1.0ms)[0m  [1m[34mSELECT "schema_migrations"."version" FROM "schema_migrations" ORDER BY "schema_migrations"."version" ASC[0m
  ↳ /Users/theoobbard/.rbenv/versions/2.3.1/lib/ruby/gems/2.3.0/gems/activerecord-5.2.1/lib/active_record/log_subscriber.rb:98
Processing by Rails::WelcomeController#index as HTML
  Rendering /Users/theoobbard/.rbenv/versions/2.3.1/lib/ruby/gems/2.3.0/gems/railties-5.2.1/lib/rails/templates/rails/welcome/index.html.erb
  Rendered /Users/theoobbard/.rbenv/versions/2.3.1/lib/ruby/gems/2.3.0/gems/railties-5.2.1/lib/rails/templates/rails/welcome/index.html.erb (18.7ms)
Completed 200 OK in 42ms (Views: 29.2ms | ActiveRecord: 0.0ms)


Started GET "/" for 127.0.0.1 at 2018-11-15 11:14:28 -0800
Processing by Rails::WelcomeController#index as HTML
  Rendering /Users/theoobbard/.rbenv/versions/2.3.1/lib/ruby/gems/2.3.0/gems/railties-5.2.1/lib/rails/templates/rails/welcome/index.html.erb
  Rendered /Users/theoobbard/.rbenv/versions/2.3.1/lib/ruby/gems/2.3.0/gems/railties-5.2.1/lib/rails/templates/rails/welcome/index.html.erb (4.4ms)
Completed 200 OK in 12ms (Views: 8.4ms | ActiveRecord: 0.0ms)


Started GET "/new" for 127.0.0.1 at 2018-11-15 11:14:29 -0800
  
ActionController::RoutingError (No route matches [GET] "/new"):
  
actionpack (5.2.1) lib/action_dispatch/middleware/debug_exceptions.rb:65:in `call'
web-console (3.7.0) lib/web_console/middleware.rb:135:in `call_app'
web-console (3.7.0) lib/web_console/middleware.rb:30:in `block in call'
web-console (3.7.0) lib/web_console/middleware.rb:20:in `catch'
web-console (3.7.0) lib/web_console/middleware.rb:20:in `call'
actionpack (5.2.1) lib/action_dispatch/middleware/show_exceptions.rb:33:in `call'
railties (5.2.1) lib/rails/rack/logger.rb:38:in `call_app'
railties (5.2.1) lib/rails/rack/logger.rb:26:in `block in call'
activesupport (5.2.1) lib/active_support/tagged_logging.rb:71:in `block in tagged'
activesupport (5.2.1) lib/active_support/tagged_logging.rb:28:in `tagged'
activesupport (5.2.1) lib/active_support/tagged_logging.rb:71:in `tagged'
railties (5.2.1) lib/rails/rack/logger.rb:26:in `call'
sprockets-rails (3.2.1) lib/sprockets/rails/quiet_assets.rb:13:in `call'
actionpack (5.2.1) lib/action_dispatch/middleware/remote_ip.rb:81:in `call'
actionpack (5.2.1) lib/action_dispatch/middleware/request_id.rb:27:in `call'
rack (2.0.6) lib/rack/method_override.rb:22:in `call'
rack (2.0.6) lib/rack/runtime.rb:22:in `call'
activesupport (5.2.1) lib/active_support/cache/strategy/local_cache_middleware.rb:29:in `call'
actionpack (5.2.1) lib/action_dispatch/middleware/executor.rb:14:in `call'
actionpack (5.2.1) lib/action_dispatch/middleware/static.rb:127:in `call'
rack (2.0.6) lib/rack/sendfile.rb:111:in `call'
railties (5.2.1) lib/rails/engine.rb:524:in `call'
puma (3.12.0) lib/puma/configuration.rb:225:in `call'
puma (3.12.0) lib/puma/server.rb:658:in `handle_request'
puma (3.12.0) lib/puma/server.rb:472:in `process_client'
puma (3.12.0) lib/puma/server.rb:332:in `block in run'
puma (3.12.0) lib/puma/thread_pool.rb:133:in `block in spawn_thread'
Started GET "/new" for 127.0.0.1 at 2018-11-15 11:14:48 -0800
  
ActionController::RoutingError (No route matches [GET] "/new"):
  
actionpack (5.2.1) lib/action_dispatch/middleware/debug_exceptions.rb:65:in `call'
web-console (3.7.0) lib/web_console/middleware.rb:135:in `call_app'
web-console (3.7.0) lib/web_console/middleware.rb:30:in `block in call'
web-console (3.7.0) lib/web_console/middleware.rb:20:in `catch'
web-console (3.7.0) lib/web_console/middleware.rb:20:in `call'
actionpack (5.2.1) lib/action_dispatch/middleware/show_exceptions.rb:33:in `call'
railties (5.2.1) lib/rails/rack/logger.rb:38:in `call_app'
railties (5.2.1) lib/rails/rack/logger.rb:26:in `block in call'
activesupport (5.2.1) lib/active_support/tagged_logging.rb:71:in `block in tagged'
activesupport (5.2.1) lib/active_support/tagged_logging.rb:28:in `tagged'
activesupport (5.2.1) lib/active_support/tagged_logging.rb:71:in `tagged'
railties (5.2.1) lib/rails/rack/logger.rb:26:in `call'
sprockets-rails (3.2.1) lib/sprockets/rails/quiet_assets.rb:13:in `call'
actionpack (5.2.1) lib/action_dispatch/middleware/remote_ip.rb:81:in `call'
actionpack (5.2.1) lib/action_dispatch/middleware/request_id.rb:27:in `call'
rack (2.0.6) lib/rack/method_override.rb:22:in `call'
rack (2.0.6) lib/rack/runtime.rb:22:in `call'
activesupport (5.2.1) lib/active_support/cache/strategy/local_cache_middleware.rb:29:in `call'
actionpack (5.2.1) lib/action_dispatch/middleware/executor.rb:14:in `call'
actionpack (5.2.1) lib/action_dispatch/middleware/static.rb:127:in `call'
rack (2.0.6) lib/rack/sendfile.rb:111:in `call'
railties (5.2.1) lib/rails/engine.rb:524:in `call'
puma (3.12.0) lib/puma/configuration.rb:225:in `call'
puma (3.12.0) lib/puma/server.rb:658:in `handle_request'
puma (3.12.0) lib/puma/server.rb:472:in `process_client'
puma (3.12.0) lib/puma/server.rb:332:in `block in run'
puma (3.12.0) lib/puma/thread_pool.rb:133:in `block in spawn_thread'
Started GET "/" for 127.0.0.1 at 2018-11-15 11:14:48 -0800
Processing by Rails::WelcomeController#index as HTML
  Rendering /Users/theoobbard/.rbenv/versions/2.3.1/lib/ruby/gems/2.3.0/gems/railties-5.2.1/lib/rails/templates/rails/welcome/index.html.erb
  Rendered /Users/theoobbard/.rbenv/versions/2.3.1/lib/ruby/gems/2.3.0/gems/railties-5.2.1/lib/rails/templates/rails/welcome/index.html.erb (4.5ms)
Completed 200 OK in 181ms (Views: 68.7ms | ActiveRecord: 0.0ms)


Started GET "/users" for 127.0.0.1 at 2018-11-15 11:14:49 -0800
  
SyntaxError (compile error):
  
app/controllers/users_controller.rb:1:in `<main>'
Started GET "/users/new" for 127.0.0.1 at 2018-11-15 11:14:50 -0800
  
LoadError (Unable to autoload constant ApplicationController, expected /Users/theoobbard/Desktop/W4D4/KiwiMusic/app/controllers/application_controller.rb to define it):
  
app/controllers/users_controller.rb:1:in `<main>'
Started GET "/users/new" for 127.0.0.1 at 2018-11-15 11:14:50 -0800
  
LoadError (Unable to autoload constant ApplicationController, expected /Users/theoobbard/Desktop/W4D4/KiwiMusic/app/controllers/application_controller.rb to define it):
  
app/controllers/users_controller.rb:1:in `<main>'
Started GET "/users/new" for 127.0.0.1 at 2018-11-15 11:15:53 -0800
  
LoadError (Unable to autoload constant ApplicationController, expected /Users/theoobbard/Desktop/W4D4/KiwiMusic/app/controllers/application_controller.rb to define it):
  
app/controllers/users_controller.rb:1:in `<main>'
Started GET "/users/new" for 127.0.0.1 at 2018-11-15 11:17:32 -0800
  
LoadError (Unable to autoload constant ApplicationController, expected /Users/theoobbard/Desktop/W4D4/KiwiMusic/app/controllers/application_controller.rb to define it):
  
app/controllers/users_controller.rb:1:in `<main>'
Started GET "/session/new" for 127.0.0.1 at 2018-11-15 11:17:39 -0800
  
LoadError (Unable to autoload constant ApplicationController, expected /Users/theoobbard/Desktop/W4D4/KiwiMusic/app/controllers/application_controller.rb to define it):
  
app/controllers/sessions_controller.rb:1:in `<main>'
Started GET "/" for 127.0.0.1 at 2018-11-15 11:17:51 -0800
Processing by Rails::WelcomeController#index as HTML
  Rendering /Users/theoobbard/.rbenv/versions/2.3.1/lib/ruby/gems/2.3.0/gems/railties-5.2.1/lib/rails/templates/rails/welcome/index.html.erb
  Rendered /Users/theoobbard/.rbenv/versions/2.3.1/lib/ruby/gems/2.3.0/gems/railties-5.2.1/lib/rails/templates/rails/welcome/index.html.erb (4.9ms)
Completed 200 OK in 14ms (Views: 8.8ms | ActiveRecord: 0.0ms)


Started GET "/" for 127.0.0.1 at 2018-11-15 11:17:54 -0800
Processing by Rails::WelcomeController#index as HTML
  Rendering /Users/theoobbard/.rbenv/versions/2.3.1/lib/ruby/gems/2.3.0/gems/railties-5.2.1/lib/rails/templates/rails/welcome/index.html.erb
  Rendered /Users/theoobbard/.rbenv/versions/2.3.1/lib/ruby/gems/2.3.0/gems/railties-5.2.1/lib/rails/templates/rails/welcome/index.html.erb (4.8ms)
Completed 200 OK in 13ms (Views: 8.7ms | ActiveRecord: 0.0ms)


Started GET "/users/new" for 127.0.0.1 at 2018-11-15 11:17:54 -0800
  
LoadError (Unable to autoload constant ApplicationController, expected /Users/theoobbard/Desktop/W4D4/KiwiMusic/app/controllers/application_controller.rb to define it):
  
app/controllers/users_controller.rb:1:in `<main>'
Started GET "/users/new" for 127.0.0.1 at 2018-11-15 11:17:55 -0800
  
LoadError (Unable to autoload constant ApplicationController, expected /Users/theoobbard/Desktop/W4D4/KiwiMusic/app/controllers/application_controller.rb to define it):
  
app/controllers/users_controller.rb:1:in `<main>'
Started GET "/users/new" for 127.0.0.1 at 2018-11-15 11:17:56 -0800
  
LoadError (Unable to autoload constant ApplicationController, expected /Users/theoobbard/Desktop/W4D4/KiwiMusic/app/controllers/application_controller.rb to define it):
  
app/controllers/users_controller.rb:1:in `<main>'
Started GET "/session/new" for 127.0.0.1 at 2018-11-15 11:18:04 -0800
  
LoadError (Unable to autoload constant ApplicationController, expected /Users/theoobbard/Desktop/W4D4/KiwiMusic/app/controllers/application_controller.rb to define it):
  
app/controllers/sessions_controller.rb:1:in `<main>'
Started GET "/session/new" for 127.0.0.1 at 2018-11-15 11:18:05 -0800
  
LoadError (Unable to autoload constant ApplicationController, expected /Users/theoobbard/Desktop/W4D4/KiwiMusic/app/controllers/application_controller.rb to define it):
  
app/controllers/sessions_controller.rb:1:in `<main>'
Started GET "/session/new" for 127.0.0.1 at 2018-11-15 11:21:16 -0800
  
LoadError (Unable to autoload constant ApplicationController, expected /Users/theoobbard/Desktop/W4D4/KiwiMusic/app/controllers/application_controller.rb to define it):
  
app/controllers/sessions_controller.rb:1:in `<main>'
Started GET "/session/new" for 127.0.0.1 at 2018-11-15 11:28:39 -0800
  
LoadError (Unable to autoload constant ApplicationController, expected /Users/theoobbard/Desktop/W4D4/KiwiMusic/app/controllers/application_controller.rb to define it):
  
app/controllers/sessions_controller.rb:1:in `<main>'
Started GET "/session/new" for 127.0.0.1 at 2018-11-15 11:30:20 -0800
  
LoadError (Unable to autoload constant ApplicationController, expected /Users/theoobbard/Desktop/W4D4/KiwiMusic/app/controllers/application_controller.rb to define it):
  
app/controllers/sessions_controller.rb:1:in `<main>'
Started GET "/session/new" for 127.0.0.1 at 2018-11-15 11:37:31 -0800
  
SyntaxError (compile error):
  
app/controllers/sessions_controller.rb:1:in `<main>'
Started GET "/session/new" for 127.0.0.1 at 2018-11-15 11:38:35 -0800
  
LoadError (Unable to autoload constant ApplicationController, expected /Users/theoobbard/Desktop/W4D4/KiwiMusic/app/controllers/application_controller.rb to define it):
  
app/controllers/sessions_controller.rb:1:in `<main>'
Started GET "/session/new" for 127.0.0.1 at 2018-11-15 11:40:21 -0800
  
LoadError (Unable to autoload constant ApplicationController, expected /Users/theoobbard/Desktop/W4D4/KiwiMusic/app/controllers/application_controller.rb to define it):
  
app/controllers/sessions_controller.rb:1:in `<main>'
Started GET "/session/new" for 127.0.0.1 at 2018-11-15 11:40:23 -0800
  
LoadError (Unable to autoload constant ApplicationController, expected /Users/theoobbard/Desktop/W4D4/KiwiMusic/app/controllers/application_controller.rb to define it):
  
app/controllers/sessions_controller.rb:1:in `<main>'
Started GET "/session/new" for 127.0.0.1 at 2018-11-15 11:40:40 -0800
  
LoadError (Unable to autoload constant ApplicationController, expected /Users/theoobbard/Desktop/W4D4/KiwiMusic/app/controllers/application_controller.rb to define it):
  
app/controllers/sessions_controller.rb:1:in `<main>'
Started GET "/session/new" for 127.0.0.1 at 2018-11-15 11:41:27 -0800
  
LoadError (Unable to autoload constant ApplicationController, expected /Users/theoobbard/Desktop/W4D4/KiwiMusic/app/controllers/application_controller.rb to define it):
  
app/controllers/sessions_controller.rb:1:in `<main>'
Started GET "/session/new" for 127.0.0.1 at 2018-11-15 11:43:35 -0800
  
LoadError (Unable to autoload constant ApplicationController, expected /Users/theoobbard/Desktop/W4D4/KiwiMusic/app/controllers/application_controller.rb to define it):
  
app/controllers/sessions_controller.rb:1:in `<main>'
Started GET "/session/new" for 127.0.0.1 at 2018-11-15 11:44:58 -0800
  
LoadError (Unable to autoload constant ApplicationController, expected /Users/theoobbard/Desktop/W4D4/KiwiMusic/app/controllers/application_controller.rb to define it):
  
app/controllers/sessions_controller.rb:1:in `<main>'
Started GET "/session/new" for 127.0.0.1 at 2018-11-15 11:49:02 -0800
  
LoadError (Unable to autoload constant ApplicationController, expected /Users/theoobbard/Desktop/W4D4/KiwiMusic/app/controllers/application_controller.rb to define it):
  
app/controllers/sessions_controller.rb:1:in `<main>'
Started GET "/session/new" for 127.0.0.1 at 2018-11-15 11:49:48 -0800
  
LoadError (Unable to autoload constant ApplicationController, expected /Users/theoobbard/Desktop/W4D4/KiwiMusic/app/controllers/application_controller.rb to define it):
  
app/controllers/sessions_controller.rb:1:in `<main>'
Started GET "/session/new" for 127.0.0.1 at 2018-11-15 11:50:32 -0800
  
LoadError (Unable to autoload constant ApplicationController, expected /Users/theoobbard/Desktop/W4D4/KiwiMusic/app/controllers/application_controller.rb to define it):
  
app/controllers/sessions_controller.rb:1:in `<main>'
Started GET "/users/new" for 127.0.0.1 at 2018-11-15 11:51:12 -0800
  
LoadError (Unable to autoload constant ApplicationController, expected /Users/theoobbard/Desktop/W4D4/KiwiMusic/app/controllers/application_controller.rb to define it):
  
app/controllers/users_controller.rb:1:in `<main>'
Started GET "/users/new" for 127.0.0.1 at 2018-11-15 11:53:54 -0800
  
LoadError (Unable to autoload constant ApplicationController, expected /Users/theoobbard/Desktop/W4D4/KiwiMusic/app/controllers/application_controller.rb to define it):
  
app/controllers/users_controller.rb:1:in `<main>'
Started GET "/users/new" for 127.0.0.1 at 2018-11-15 11:54:08 -0800
  [1m[35m (2.4ms)[0m  [1m[34mSELECT "schema_migrations"."version" FROM "schema_migrations" ORDER BY "schema_migrations"."version" ASC[0m
  ↳ /Users/theoobbard/.rbenv/versions/2.3.1/lib/ruby/gems/2.3.0/gems/activerecord-5.2.1/lib/active_record/log_subscriber.rb:98
  
LoadError (Unable to autoload constant ApplicationController, expected /Users/theoobbard/Desktop/W4D4/KiwiMusic/app/controllers/application_controller.rb to define it):
  
app/controllers/users_controller.rb:1:in `<main>'
Started GET "/users/new" for 127.0.0.1 at 2018-11-15 11:54:15 -0800
  
LoadError (Unable to autoload constant ApplicationController, expected /Users/theoobbard/Desktop/W4D4/KiwiMusic/app/controllers/application_controller.rb to define it):
  
app/controllers/users_controller.rb:1:in `<main>'
Started GET "/users/new" for 127.0.0.1 at 2018-11-15 11:56:03 -0800
Processing by UsersController#new as HTML
Completed 500 Internal Server Error in 24ms (ActiveRecord: 10.1ms)


  
ActionView::MissingTemplate (Missing template users/new, application/new with {:locale=>[:en], :formats=>[:html], :variants=>[], :handlers=>[:raw, :erb, :html, :builder, :ruby, :coffee, :jbuilder]}. Searched in:
  * "/Users/theoobbard/Desktop/W4D4/KiwiMusic/app/views"
):
  
app/controllers/users_controller.rb:5:in `new'
Started GET "/users/new" for 127.0.0.1 at 2018-11-15 11:56:33 -0800
Processing by UsersController#new as HTML
Completed 500 Internal Server Error in 18ms (ActiveRecord: 5.7ms)


  
ActionView::MissingTemplate (Missing template users/new, application/new with {:locale=>[:en], :formats=>[:html], :variants=>[], :handlers=>[:raw, :erb, :html, :builder, :ruby, :coffee, :jbuilder]}. Searched in:
  * "/Users/theoobbard/Desktop/W4D4/KiwiMusic/app/views"
):
  
app/controllers/users_controller.rb:5:in `new'
Started GET "/users/new" for 127.0.0.1 at 2018-11-15 11:56:38 -0800
Processing by UsersController#new as HTML
Completed 500 Internal Server Error in 5ms (ActiveRecord: 0.0ms)


  
ActionView::MissingTemplate (Missing template users/new, application/new with {:locale=>[:en], :formats=>[:html], :variants=>[], :handlers=>[:raw, :erb, :html, :builder, :ruby, :coffee, :jbuilder]}. Searched in:
  * "/Users/theoobbard/Desktop/W4D4/KiwiMusic/app/views"
):
  
app/controllers/users_controller.rb:5:in `new'
Started GET "/users/new" for 127.0.0.1 at 2018-11-15 11:56:40 -0800
Processing by UsersController#new as HTML
Completed 500 Internal Server Error in 5ms (ActiveRecord: 0.0ms)


  
ActionView::MissingTemplate (Missing template users/new, application/new with {:locale=>[:en], :formats=>[:html], :variants=>[], :handlers=>[:raw, :erb, :html, :builder, :ruby, :coffee, :jbuilder]}. Searched in:
  * "/Users/theoobbard/Desktop/W4D4/KiwiMusic/app/views"
):
  
app/controllers/users_controller.rb:5:in `new'
Started GET "/users/new" for 127.0.0.1 at 2018-11-15 11:59:48 -0800
Processing by UsersController#new as HTML
  Rendering users/new.html.erb within layouts/application
  Rendered users/new.html.erb within layouts/application (0.3ms)
Completed 500 Internal Server Error in 163ms (ActiveRecord: 6.4ms)


  
ActionView::Template::Error (undefined local variable or method `user' for #<UsersController:0x007f82eae54ec0>
Did you mean?  @user):
    3:   <head>
    4:     <title>KiwiMusic</title>
    5: 
    6:     <% if current_user %>
    7:       <%= "Welcome, #{current_user.email}" %>
    8:     <% else %>
    9:       <%= "You are not signed in!" %>
  
app/controllers/application_controller.rb:6:in `current_user'
app/views/layouts/application.html.erb:6:in `_app_views_layouts_application_html_erb__487455908947068829_70100180745480'
app/controllers/users_controller.rb:5:in `new'
Started GET "/users/new" for 127.0.0.1 at 2018-11-15 12:06:09 -0800
Processing by UsersController#new as HTML
  Rendering users/new.html.erb within layouts/application
  Rendered users/new.html.erb within layouts/application (0.4ms)
Completed 500 Internal Server Error in 162ms (ActiveRecord: 9.1ms)


  
ActionView::Template::Error (undefined local variable or method `user' for #<UsersController:0x007f82e8c9ce18>
Did you mean?  @user):
    3:   <head>
    4:     <title>KiwiMusic</title>
    5: 
    6:     <% if current_user %>
    7:       <%= "Welcome, #{current_user.email}" %>
    8:     <% else %>
    9:       <%= "You are not signed in!" %>
  
app/controllers/application_controller.rb:6:in `current_user'
app/views/layouts/application.html.erb:6:in `_app_views_layouts_application_html_erb__487455908947068829_70100129499240'
app/controllers/users_controller.rb:5:in `new'
Started GET "/users/new" for 127.0.0.1 at 2018-11-15 12:08:44 -0800
Processing by UsersController#new as HTML
  Rendering users/new.html.erb within layouts/application
  Rendered users/new.html.erb within layouts/application (0.3ms)
Completed 500 Internal Server Error in 182ms (ActiveRecord: 0.0ms)


  
ActionView::Template::Error (undefined local variable or method `user' for #<UsersController:0x007f82efde0700>
Did you mean?  @user):
    3:   <head>
    4:     <title>KiwiMusic</title>
    5: 
    6:     <% if current_user %>
    7:       <%= "Welcome, #{current_user.email}" %>
    8:     <% else %>
    9:       <%= "You are not signed in!" %>
  
app/controllers/application_controller.rb:6:in `current_user'
app/views/layouts/application.html.erb:6:in `_app_views_layouts_application_html_erb__487455908947068829_70100118657540'
app/controllers/users_controller.rb:5:in `new'
Started GET "/users/new" for 127.0.0.1 at 2018-11-15 12:09:17 -0800
Processing by UsersController#new as HTML
  Rendering users/new.html.erb within layouts/application
  Rendered users/new.html.erb within layouts/application (0.3ms)
Completed 500 Internal Server Error in 31ms (ActiveRecord: 7.2ms)


  
ActionView::Template::Error (undefined method `find_by' for #<User:0x007f82e8e5bcb8>):
    3:   <head>
    4:     <title>KiwiMusic</title>
    5: 
    6:     <% if current_user %>
    7:       <%= "Welcome, #{current_user.email}" %>
    8:     <% else %>
    9:       <%= "You are not signed in!" %>
  
app/controllers/application_controller.rb:6:in `current_user'
app/views/layouts/application.html.erb:6:in `_app_views_layouts_application_html_erb__487455908947068829_70100114820120'
app/controllers/users_controller.rb:5:in `new'
Started GET "/users/new" for 127.0.0.1 at 2018-11-15 12:09:25 -0800
Processing by UsersController#new as HTML
  Rendering users/new.html.erb within layouts/application
  Rendered users/new.html.erb within layouts/application (0.3ms)
Completed 500 Internal Server Error in 163ms (ActiveRecord: 5.4ms)


  
ActionView::Template::Error (undefined local variable or method `users' for #<UsersController:0x007f82e95044c0>
Did you mean?  users_url
               users_path
               @user):
    3:   <head>
    4:     <title>KiwiMusic</title>
    5: 
    6:     <% if current_user %>
    7:       <%= "Welcome, #{current_user.email}" %>
    8:     <% else %>
    9:       <%= "You are not signed in!" %>
  
app/controllers/application_controller.rb:6:in `current_user'
app/views/layouts/application.html.erb:6:in `_app_views_layouts_application_html_erb__487455908947068829_70100179359400'
app/controllers/users_controller.rb:5:in `new'
Started GET "/users/new" for 127.0.0.1 at 2018-11-15 12:09:38 -0800
Processing by UsersController#new as HTML
  Rendering users/new.html.erb within layouts/application
  Rendered users/new.html.erb within layouts/application (0.6ms)
  [1m[36mUser Load (1.9ms)[0m  [1m[34mSELECT  "users".* FROM "users" WHERE "users"."session_token" IS NULL LIMIT $1[0m  [["LIMIT", 1]]
  ↳ app/controllers/application_controller.rb:6
Completed 200 OK in 332ms (Views: 315.4ms | ActiveRecord: 8.5ms)


Started GET "/users/new" for 127.0.0.1 at 2018-11-15 12:10:07 -0800
Processing by UsersController#new as HTML
  Rendering users/new.html.erb within layouts/application
  Rendered users/new.html.erb within layouts/application (0.6ms)
  [1m[36mUser Load (1.1ms)[0m  [1m[34mSELECT  "users".* FROM "users" WHERE "users"."session_token" IS NULL LIMIT $1[0m  [["LIMIT", 1]]
  ↳ app/controllers/application_controller.rb:6
Completed 200 OK in 24ms (Views: 21.5ms | ActiveRecord: 1.1ms)


Started GET "/session/new" for 127.0.0.1 at 2018-11-15 12:10:16 -0800
Processing by SessionsController#new as HTML
Completed 500 Internal Server Error in 5ms (ActiveRecord: 0.0ms)


  
ActionView::MissingTemplate (Missing template sessions/new, application/new with {:locale=>[:en], :formats=>[:html], :variants=>[], :handlers=>[:raw, :erb, :html, :builder, :ruby, :coffee, :jbuilder]}. Searched in:
  * "/Users/theoobbard/Desktop/W4D4/KiwiMusic/app/views"
):
  
app/controllers/sessions_controller.rb:4:in `new'
Started GET "/session/new" for 127.0.0.1 at 2018-11-15 12:10:31 -0800
Processing by SessionsController#new as HTML
  Rendering sessions/new.html.erb within layouts/application
  Rendered sessions/new.html.erb within layouts/application (0.7ms)
  [1m[36mUser Load (0.5ms)[0m  [1m[34mSELECT  "users".* FROM "users" WHERE "users"."session_token" IS NULL LIMIT $1[0m  [["LIMIT", 1]]
  ↳ app/controllers/application_controller.rb:6
Completed 200 OK in 35ms (Views: 33.5ms | ActiveRecord: 0.5ms)


Started GET "/session/new" for 127.0.0.1 at 2018-11-15 12:13:04 -0800
Processing by SessionsController#new as HTML
  Rendering sessions/new.html.erb within layouts/application
  Rendered sessions/new.html.erb within layouts/application (0.3ms)
  [1m[36mUser Load (0.3ms)[0m  [1m[34mSELECT  "users".* FROM "users" WHERE "users"."session_token" IS NULL LIMIT $1[0m  [["LIMIT", 1]]
  ↳ app/controllers/application_controller.rb:6
Completed 200 OK in 42ms (Views: 35.5ms | ActiveRecord: 5.3ms)


Started GET "/session/new" for 127.0.0.1 at 2018-11-15 12:13:27 -0800
Processing by SessionsController#new as HTML
  Rendering sessions/new.html.erb within layouts/application
  Rendered sessions/new.html.erb within layouts/application (0.7ms)
  [1m[36mUser Load (0.5ms)[0m  [1m[34mSELECT  "users".* FROM "users" WHERE "users"."session_token" IS NULL LIMIT $1[0m  [["LIMIT", 1]]
  ↳ app/controllers/application_controller.rb:6
Completed 200 OK in 31ms (Views: 29.8ms | ActiveRecord: 0.5ms)


